<?xml version="1.0" encoding="UTF-8"?>
<!-- Generated by org.testng.reporters.JUnitReportReporter -->
<testsuite hostname="LAPTOP-S9GJVKJA" failures="0" tests="1" name="com.automation.testcases.LoginTestDemoApp" time="4.492" errors="0" timestamp="20 Mar 2025 17:29:54 GMT" skipped="0">
  <testcase classname="com.automation.testcases.LoginTestDemoApp" name="loginDemoApp" time="4.492"/>
</testsuite> <!-- com.automation.testcases.LoginTestDemoApp -->
